2024-10-15T03:47:07.482640+00:00 INFO 'ansible_navigator.setup_logger' New ansible-navigator instance, logging initialized
2024-10-15T03:47:07.483082+00:00 INFO 'ansible_navigator.setup_logger' New ansible-runner instance, logging initialized
2024-10-15T03:47:07.483152+00:00 DEBUG 'ansible_navigator.main' Jinja2==3.1.4 
2024-10-15T03:47:07.483198+00:00 DEBUG 'ansible_navigator.main' MarkupSafe==3.0.1 
2024-10-15T03:47:07.483236+00:00 DEBUG 'ansible_navigator.main' Parsley==1.3 
2024-10-15T03:47:07.483268+00:00 DEBUG 'ansible_navigator.main' PyYAML==6.0.2 
2024-10-15T03:47:07.483299+00:00 DEBUG 'ansible_navigator.main' Pygments==2.18.0 
2024-10-15T03:47:07.483337+00:00 DEBUG 'ansible_navigator.main' ansible-builder==3.1.0 
2024-10-15T03:47:07.483383+00:00 DEBUG 'ansible_navigator.main' ansible-compat==24.9.1 
2024-10-15T03:47:07.483418+00:00 DEBUG 'ansible_navigator.main' ansible-core==2.17.5 
2024-10-15T03:47:07.483448+00:00 DEBUG 'ansible_navigator.main' ansible-lint==24.9.2 
2024-10-15T03:47:07.483473+00:00 DEBUG 'ansible_navigator.main' ansible-navigator==24.9.0 
2024-10-15T03:47:07.483502+00:00 DEBUG 'ansible_navigator.main' ansible-runner==2.4.0 
2024-10-15T03:47:07.483525+00:00 DEBUG 'ansible_navigator.main' attrs==24.2.0 /home/ikhwanmazlan20/.local/pipx/venvs/ansible-navigator/lib/python3.11/site-packages/attrs/__init__.py
2024-10-15T03:47:07.483549+00:00 DEBUG 'ansible_navigator.main' bindep==2.11.0 /home/ikhwanmazlan20/.local/pipx/venvs/ansible-navigator/lib/python3.11/site-packages/bindep/__init__.py
2024-10-15T03:47:07.483572+00:00 DEBUG 'ansible_navigator.main' black==24.10.0 /home/ikhwanmazlan20/.local/pipx/venvs/ansible-navigator/lib/python3.11/site-packages/black/__init__.cpython-311-x86_64-linux-gnu.so
2024-10-15T03:47:07.483595+00:00 DEBUG 'ansible_navigator.main' bracex==2.5.post1 /home/ikhwanmazlan20/.local/pipx/venvs/ansible-navigator/lib/python3.11/site-packages/bracex/__init__.py
2024-10-15T03:47:07.483620+00:00 DEBUG 'ansible_navigator.main' cffi==1.17.1 /home/ikhwanmazlan20/.local/pipx/venvs/ansible-navigator/lib/python3.11/site-packages/cffi/__init__.py
2024-10-15T03:47:07.483642+00:00 DEBUG 'ansible_navigator.main' click==8.1.7 /home/ikhwanmazlan20/.local/pipx/venvs/ansible-navigator/lib/python3.11/site-packages/click/__init__.py
2024-10-15T03:47:07.483664+00:00 DEBUG 'ansible_navigator.main' cryptography==43.0.1 /home/ikhwanmazlan20/.local/pipx/venvs/ansible-navigator/lib/python3.11/site-packages/cryptography/__init__.py
2024-10-15T03:47:07.483686+00:00 DEBUG 'ansible_navigator.main' distro==1.9.0 /home/ikhwanmazlan20/.local/pipx/venvs/ansible-navigator/lib/python3.11/site-packages/distro/__init__.py
2024-10-15T03:47:07.483708+00:00 DEBUG 'ansible_navigator.main' docutils==0.21.2 /home/ikhwanmazlan20/.local/pipx/venvs/ansible-navigator/lib/python3.11/site-packages/docutils/__init__.py
2024-10-15T03:47:07.483729+00:00 DEBUG 'ansible_navigator.main' filelock==3.16.1 /home/ikhwanmazlan20/.local/pipx/venvs/ansible-navigator/lib/python3.11/site-packages/filelock/__init__.py
2024-10-15T03:47:07.483750+00:00 DEBUG 'ansible_navigator.main' importlib_metadata==8.5.0 /home/ikhwanmazlan20/.local/pipx/venvs/ansible-navigator/lib/python3.11/site-packages/importlib_metadata/__init__.py
2024-10-15T03:47:07.483772+00:00 DEBUG 'ansible_navigator.main' jsonschema-specifications==2024.10.1 
2024-10-15T03:47:07.483793+00:00 DEBUG 'ansible_navigator.main' jsonschema==4.23.0 /home/ikhwanmazlan20/.local/pipx/venvs/ansible-navigator/lib/python3.11/site-packages/jsonschema/__init__.py
2024-10-15T03:47:07.483815+00:00 DEBUG 'ansible_navigator.main' lockfile==0.12.2 /home/ikhwanmazlan20/.local/pipx/venvs/ansible-navigator/lib/python3.11/site-packages/lockfile/__init__.py
2024-10-15T03:47:07.483836+00:00 DEBUG 'ansible_navigator.main' markdown-it-py==3.0.0 
2024-10-15T03:47:07.483857+00:00 DEBUG 'ansible_navigator.main' mdurl==0.1.2 /home/ikhwanmazlan20/.local/pipx/venvs/ansible-navigator/lib/python3.11/site-packages/mdurl/__init__.py
2024-10-15T03:47:07.483878+00:00 DEBUG 'ansible_navigator.main' mypy-extensions==1.0.0 
2024-10-15T03:47:07.483899+00:00 DEBUG 'ansible_navigator.main' onigurumacffi==1.3.0 /home/ikhwanmazlan20/.local/pipx/venvs/ansible-navigator/lib/python3.11/site-packages/onigurumacffi.py
2024-10-15T03:47:07.483928+00:00 DEBUG 'ansible_navigator.main' packaging==24.1 /home/ikhwanmazlan20/.local/pipx/venvs/ansible-navigator/lib/python3.11/site-packages/packaging/__init__.py
2024-10-15T03:47:07.483950+00:00 DEBUG 'ansible_navigator.main' pathspec==0.12.1 /home/ikhwanmazlan20/.local/pipx/venvs/ansible-navigator/lib/python3.11/site-packages/pathspec/__init__.py
2024-10-15T03:47:07.483972+00:00 DEBUG 'ansible_navigator.main' pbr==6.1.0 /home/ikhwanmazlan20/.local/pipx/venvs/ansible-navigator/lib/python3.11/site-packages/pbr/__init__.py
2024-10-15T03:47:07.483994+00:00 DEBUG 'ansible_navigator.main' pexpect==4.9.0 /home/ikhwanmazlan20/.local/pipx/venvs/ansible-navigator/lib/python3.11/site-packages/pexpect/__init__.py
2024-10-15T03:47:07.484016+00:00 DEBUG 'ansible_navigator.main' pip==24.2 /home/ikhwanmazlan20/.local/pipx/shared/lib/python3.11/site-packages/pip/__init__.py
2024-10-15T03:47:07.484037+00:00 DEBUG 'ansible_navigator.main' platformdirs==4.3.6 /home/ikhwanmazlan20/.local/pipx/venvs/ansible-navigator/lib/python3.11/site-packages/platformdirs/__init__.py
2024-10-15T03:47:07.484061+00:00 DEBUG 'ansible_navigator.main' ptyprocess==0.7.0 /home/ikhwanmazlan20/.local/pipx/venvs/ansible-navigator/lib/python3.11/site-packages/ptyprocess/__init__.py
2024-10-15T03:47:07.484083+00:00 DEBUG 'ansible_navigator.main' pycparser==2.22 /home/ikhwanmazlan20/.local/pipx/venvs/ansible-navigator/lib/python3.11/site-packages/pycparser/__init__.py
2024-10-15T03:47:07.484104+00:00 DEBUG 'ansible_navigator.main' python-daemon==3.0.1 
2024-10-15T03:47:07.484127+00:00 DEBUG 'ansible_navigator.main' referencing==0.35.1 /home/ikhwanmazlan20/.local/pipx/venvs/ansible-navigator/lib/python3.11/site-packages/referencing/__init__.py
2024-10-15T03:47:07.484150+00:00 DEBUG 'ansible_navigator.main' resolvelib==1.0.1 /home/ikhwanmazlan20/.local/pipx/venvs/ansible-navigator/lib/python3.11/site-packages/resolvelib/__init__.py
2024-10-15T03:47:07.484172+00:00 DEBUG 'ansible_navigator.main' rich==13.9.2 /home/ikhwanmazlan20/.local/pipx/venvs/ansible-navigator/lib/python3.11/site-packages/rich/__init__.py
2024-10-15T03:47:07.484202+00:00 DEBUG 'ansible_navigator.main' rpds-py==0.20.0 
2024-10-15T03:47:07.484267+00:00 DEBUG 'ansible_navigator.main' ruamel.yaml.clib==0.2.8 
2024-10-15T03:47:07.484301+00:00 DEBUG 'ansible_navigator.main' ruamel.yaml==0.18.6 /home/ikhwanmazlan20/.local/pipx/venvs/ansible-navigator/lib/python3.11/site-packages/ruamel/yaml/__init__.py
2024-10-15T03:47:07.484324+00:00 DEBUG 'ansible_navigator.main' setuptools==75.1.0 /home/ikhwanmazlan20/.local/pipx/shared/lib/python3.11/site-packages/setuptools/__init__.py
2024-10-15T03:47:07.484346+00:00 DEBUG 'ansible_navigator.main' subprocess-tee==0.4.2 
2024-10-15T03:47:07.484368+00:00 DEBUG 'ansible_navigator.main' tzdata==2024.2 /home/ikhwanmazlan20/.local/pipx/venvs/ansible-navigator/lib/python3.11/site-packages/tzdata/__init__.py
2024-10-15T03:47:07.484389+00:00 DEBUG 'ansible_navigator.main' wcmatch==10.0 /home/ikhwanmazlan20/.local/pipx/venvs/ansible-navigator/lib/python3.11/site-packages/wcmatch/__init__.py
2024-10-15T03:47:07.484410+00:00 DEBUG 'ansible_navigator.main' wheel==0.44.0 /home/ikhwanmazlan20/.local/pipx/shared/lib/python3.11/site-packages/wheel/__init__.py
2024-10-15T03:47:07.484431+00:00 DEBUG 'ansible_navigator.main' yamllint==1.35.1 /home/ikhwanmazlan20/.local/pipx/venvs/ansible-navigator/lib/python3.11/site-packages/yamllint/__init__.py
2024-10-15T03:47:07.484454+00:00 DEBUG 'ansible_navigator.main' zipp==3.20.2 /home/ikhwanmazlan20/.local/pipx/venvs/ansible-navigator/lib/python3.11/site-packages/zipp/__init__.py
2024-10-15T03:47:07.484475+00:00 DEBUG 'ansible_navigator.main' Default collection_doc_cache_path set to: /home/ikhwanmazlan20/.cache/ansible-navigator/collection_doc_cache.db
2024-10-15T03:47:07.484497+00:00 DEBUG 'ansible_navigator.main' EDITOR environment variable not set
2024-10-15T03:47:07.484525+00:00 DEBUG 'ansible_navigator.main' Default editor_command set to: vi +{line_number} {filename}
2024-10-15T03:47:07.484547+00:00 DEBUG 'ansible_navigator.main' No config file set by ANSIBLE_NAVIGATOR_CONFIG
2024-10-15T03:47:07.484569+00:00 DEBUG 'ansible_navigator.main' Looking in /home/ikhwanmazlan20/.ansible-navigator
2024-10-15T03:47:07.484590+00:00 DEBUG 'ansible_navigator.main' Looking for '/home/ikhwanmazlan20/.ansible-navigator.yml', '/home/ikhwanmazlan20/.ansible-navigator.yaml' and '/home/ikhwanmazlan20/.ansible-navigator.json'
2024-10-15T03:47:07.484611+00:00 DEBUG 'ansible_navigator.main' Found 0: 
2024-10-15T03:47:07.484632+00:00 DEBUG 'ansible_navigator.main' Looking in /home/ikhwanmazlan20/ComplianceScannerSB/ansible/ansible-navigator
2024-10-15T03:47:07.484654+00:00 DEBUG 'ansible_navigator.main' Looking for '/home/ikhwanmazlan20/ComplianceScannerSB/ansible/ansible-navigator.yml', '/home/ikhwanmazlan20/ComplianceScannerSB/ansible/ansible-navigator.yaml' and '/home/ikhwanmazlan20/ComplianceScannerSB/ansible/ansible-navigator.json'
2024-10-15T03:47:07.484676+00:00 DEBUG 'ansible_navigator.main' Found 0: 
2024-10-15T03:47:07.484697+00:00 DEBUG 'ansible_navigator.main' All found 0: 
2024-10-15T03:47:07.484719+00:00 DEBUG 'ansible_navigator.main' Using: None
2024-10-15T03:47:07.484742+00:00 DEBUG 'ansible_navigator.main' No valid settings file found, using all default values for settings.
2024-10-15T03:47:07.484763+00:00 DEBUG 'ansible_navigator.main' Command provided: 'run playbooks/linux-report-playbook.yml -i playbooks/inventory --execution-environment ansible_ee:latest --mode stdout --pull-policy missing --enable-prompts -u ikhwanmazlan20'
2024-10-15T03:47:07.484785+00:00 DEBUG 'ansible_navigator.main' EE support disabled: using 'ansible --version' for 'ansible.cfg'
2024-10-15T03:47:07.484805+00:00 DEBUG 'ansible_navigator.main' Completed post processing for ansible_runner_artifact_dir. (changed=False)
2024-10-15T03:47:07.484826+00:00 DEBUG 'ansible_navigator.main' Completed post processing for ansible_runner_rotate_artifacts_count. (changed=False)
2024-10-15T03:47:07.484847+00:00 DEBUG 'ansible_navigator.main' Completed post processing for ansible_runner_timeout. (changed=False)
2024-10-15T03:47:07.484867+00:00 DEBUG 'ansible_navigator.main' Completed post processing for cmdline. (changed=False)
2024-10-15T03:47:07.484888+00:00 DEBUG 'ansible_navigator.main' Completed post processing for collection_doc_cache_path. (changed=False)
2024-10-15T03:47:07.484909+00:00 DEBUG 'ansible_navigator.main' Completed post processing for container_engine. (changed=True)
2024-10-15T03:47:07.484930+00:00 DEBUG 'ansible_navigator.main'  before: 'auto'
2024-10-15T03:47:07.484951+00:00 DEBUG 'ansible_navigator.main'  after: 'docker'
2024-10-15T03:47:07.484972+00:00 DEBUG 'ansible_navigator.main' Completed post processing for container_options. (changed=False)
2024-10-15T03:47:07.484993+00:00 DEBUG 'ansible_navigator.main' Completed post processing for display_color. (changed=False)
2024-10-15T03:47:07.485014+00:00 DEBUG 'ansible_navigator.main' `enable_prompts requesting mode stdout and pae as False
2024-10-15T03:47:07.485034+00:00 DEBUG 'ansible_navigator.main' Completed post processing for enable_prompts. (changed=False)
2024-10-15T03:47:07.485055+00:00 DEBUG 'ansible_navigator.main' Completed post processing for execution_environment. (changed=False)
2024-10-15T03:47:07.485076+00:00 DEBUG 'ansible_navigator.main' Completed post processing for execution_environment_image. (changed=False)
2024-10-15T03:47:07.485097+00:00 DEBUG 'ansible_navigator.main' Completed post processing for help_builder. (changed=False)
2024-10-15T03:47:07.485117+00:00 DEBUG 'ansible_navigator.main' Completed post processing for help_config. (changed=False)
2024-10-15T03:47:07.485138+00:00 DEBUG 'ansible_navigator.main' Completed post processing for help_doc. (changed=False)
2024-10-15T03:47:07.485159+00:00 DEBUG 'ansible_navigator.main' Completed post processing for help_inventory. (changed=False)
2024-10-15T03:47:07.485180+00:00 DEBUG 'ansible_navigator.main' Completed post processing for help_playbook. (changed=False)
2024-10-15T03:47:07.485216+00:00 DEBUG 'ansible_navigator.main' Completed post processing for images_details. (changed=False)
2024-10-15T03:47:07.485238+00:00 DEBUG 'ansible_navigator.main' Completed post processing for inventory. (changed=True)
2024-10-15T03:47:07.485259+00:00 DEBUG 'ansible_navigator.main'  before: '[['playbooks/inventory']]'
2024-10-15T03:47:07.485280+00:00 DEBUG 'ansible_navigator.main'  after: '['/home/ikhwanmazlan20/ComplianceScannerSB/ansible/playbooks/inventory']'
2024-10-15T03:47:07.485301+00:00 DEBUG 'ansible_navigator.main' Completed post processing for inventory_column. (changed=False)
2024-10-15T03:47:07.485322+00:00 DEBUG 'ansible_navigator.main' Completed post processing for log_file. (changed=False)
2024-10-15T03:47:07.485342+00:00 DEBUG 'ansible_navigator.main' Completed post processing for pass_environment_variable. (changed=False)
2024-10-15T03:47:07.485363+00:00 DEBUG 'ansible_navigator.main' Completed post processing for playbook. (changed=True)
2024-10-15T03:47:07.485384+00:00 DEBUG 'ansible_navigator.main'  before: 'playbooks/linux-report-playbook.yml'
2024-10-15T03:47:07.485405+00:00 DEBUG 'ansible_navigator.main'  after: '/home/ikhwanmazlan20/ComplianceScannerSB/ansible/playbooks/linux-report-playbook.yml'
2024-10-15T03:47:07.485425+00:00 DEBUG 'ansible_navigator.main' Completed post processing for playbook_artifact_replay. (changed=False)
2024-10-15T03:47:07.485450+00:00 DEBUG 'ansible_navigator.main' Completed post processing for playbook_artifact_save_as. (changed=False)
2024-10-15T03:47:07.485471+00:00 DEBUG 'ansible_navigator.main' Completed post processing for plugin_name. (changed=False)
2024-10-15T03:47:07.485492+00:00 DEBUG 'ansible_navigator.main' Completed post processing for pull_arguments. (changed=False)
2024-10-15T03:47:07.485512+00:00 DEBUG 'ansible_navigator.main' Completed post processing for set_environment_variable. (changed=False)
2024-10-15T03:47:07.485533+00:00 DEBUG 'ansible_navigator.main' Completed post processing for settings_effective. (changed=False)
2024-10-15T03:47:07.485554+00:00 DEBUG 'ansible_navigator.main' Completed post processing for settings_sample. (changed=False)
2024-10-15T03:47:07.485575+00:00 DEBUG 'ansible_navigator.main' Completed post processing for settings_schema. (changed=False)
2024-10-15T03:47:07.485595+00:00 DEBUG 'ansible_navigator.main' Completed post processing for settings_sources. (changed=False)
2024-10-15T03:47:07.485616+00:00 DEBUG 'ansible_navigator.main' Completed post processing for time_zone. (changed=False)
2024-10-15T03:47:07.485637+00:00 DEBUG 'ansible_navigator.main' Completed post processing for execution_environment_volume_mounts. (changed=False)
2024-10-15T03:47:07.485658+00:00 DEBUG 'ansible_navigator.main' Completed post processing for mode. (changed=False)
2024-10-15T03:47:07.485679+00:00 INFO 'ansible_navigator.main' Parameter 'enable_prompts' required pae 'False'.
2024-10-15T03:47:07.485700+00:00 INFO 'ansible_navigator.main' Pae will be set to 'False'
2024-10-15T03:47:07.485720+00:00 DEBUG 'ansible_navigator.main' Completed post processing for playbook_artifact_enable. (changed=True)
2024-10-15T03:47:07.485741+00:00 DEBUG 'ansible_navigator.main'  before: 'True'
2024-10-15T03:47:07.485762+00:00 DEBUG 'ansible_navigator.main'  after: 'False'
2024-10-15T03:47:07.485790+00:00 WARNING 'ansible_navigator.main' Configuration errors encountered, rolling back to previous configuration.
2024-10-15T03:47:07.485811+00:00 DEBUG 'ansible_navigator.main' Prior to rollback: ansible_runner_artifact_dir = 'Not set' (Constants/Not set)
2024-10-15T03:47:07.485832+00:00 DEBUG 'ansible_navigator.main' Prior to rollback: ansible_runner_rotate_artifacts_count = 'Not set' (Constants/Not set)
2024-10-15T03:47:07.485853+00:00 DEBUG 'ansible_navigator.main' Prior to rollback: ansible_runner_timeout = 'Not set' (Constants/Not set)
2024-10-15T03:47:07.485874+00:00 DEBUG 'ansible_navigator.main' Prior to rollback: ansible_runner_write_job_events = 'False' (bool/Defaults)
2024-10-15T03:47:07.485900+00:00 DEBUG 'ansible_navigator.main' Prior to rollback: app = 'run' (str/Command line)
2024-10-15T03:47:07.485922+00:00 DEBUG 'ansible_navigator.main' Prior to rollback: cmdline = '['-u', 'ikhwanmazlan20']' (list/Command line)
2024-10-15T03:47:07.485943+00:00 DEBUG 'ansible_navigator.main' Prior to rollback: collection_doc_cache_path = '/home/ikhwanmazlan20/.cache/ansible-navigator/collection_doc_cache.db' (str/Defaults)
2024-10-15T03:47:07.485964+00:00 DEBUG 'ansible_navigator.main' Prior to rollback: config = 'Not set' (Constants/Not set)
2024-10-15T03:47:07.485984+00:00 DEBUG 'ansible_navigator.main' Prior to rollback: container_engine = 'docker' (str/Automatically determined)
2024-10-15T03:47:07.486005+00:00 DEBUG 'ansible_navigator.main' Prior to rollback: container_options = 'Not set' (Constants/Not set)
2024-10-15T03:47:07.486026+00:00 DEBUG 'ansible_navigator.main' Prior to rollback: display_color = 'True' (bool/Defaults)
2024-10-15T03:47:07.486047+00:00 DEBUG 'ansible_navigator.main' Prior to rollback: editor_command = 'vi +{line_number} {filename}' (str/Defaults)
2024-10-15T03:47:07.486068+00:00 DEBUG 'ansible_navigator.main' Prior to rollback: editor_console = 'True' (bool/Defaults)
2024-10-15T03:47:07.486090+00:00 DEBUG 'ansible_navigator.main' Prior to rollback: enable_prompts = 'True' (bool/Command line)
2024-10-15T03:47:07.486111+00:00 DEBUG 'ansible_navigator.main' Prior to rollback: exec_command = '/bin/bash' (str/Defaults)
2024-10-15T03:47:07.486132+00:00 DEBUG 'ansible_navigator.main' Prior to rollback: exec_shell = 'True' (bool/Defaults)
2024-10-15T03:47:07.486152+00:00 DEBUG 'ansible_navigator.main' Prior to rollback: execution_environment = 'ansible_ee:latest' (str/Command line)
2024-10-15T03:47:07.486173+00:00 DEBUG 'ansible_navigator.main' Prior to rollback: execution_environment_image = 'ghcr.io/ansible/community-ansible-dev-tools:latest' (str/Defaults)
2024-10-15T03:47:07.486200+00:00 DEBUG 'ansible_navigator.main' Prior to rollback: execution_environment_volume_mounts = 'Not set' (Constants/Not set)
2024-10-15T03:47:07.486221+00:00 DEBUG 'ansible_navigator.main' Prior to rollback: format = 'yaml' (str/Defaults)
2024-10-15T03:47:07.486242+00:00 DEBUG 'ansible_navigator.main' Prior to rollback: help_builder = 'False' (bool/Defaults)
2024-10-15T03:47:07.486263+00:00 DEBUG 'ansible_navigator.main' Prior to rollback: help_config = 'False' (bool/Defaults)
2024-10-15T03:47:07.486284+00:00 DEBUG 'ansible_navigator.main' Prior to rollback: help_doc = 'False' (bool/Defaults)
2024-10-15T03:47:07.486304+00:00 DEBUG 'ansible_navigator.main' Prior to rollback: help_inventory = 'False' (bool/Defaults)
2024-10-15T03:47:07.486333+00:00 DEBUG 'ansible_navigator.main' Prior to rollback: help_playbook = 'False' (bool/Defaults)
2024-10-15T03:47:07.486354+00:00 DEBUG 'ansible_navigator.main' Prior to rollback: images_details = '['everything']' (list/Defaults)
2024-10-15T03:47:07.486375+00:00 DEBUG 'ansible_navigator.main' Prior to rollback: inventory = '['/home/ikhwanmazlan20/ComplianceScannerSB/ansible/playbooks/inventory']' (list/Command line)
2024-10-15T03:47:07.486396+00:00 DEBUG 'ansible_navigator.main' Prior to rollback: inventory_column = 'Not set' (Constants/Not set)
2024-10-15T03:47:07.486418+00:00 DEBUG 'ansible_navigator.main' Prior to rollback: lint_config = 'Not set' (Constants/Not set)
2024-10-15T03:47:07.486439+00:00 DEBUG 'ansible_navigator.main' Prior to rollback: lintables = 'Not set' (Constants/Not set)
2024-10-15T03:47:07.486460+00:00 DEBUG 'ansible_navigator.main' Prior to rollback: log_append = 'True' (bool/Defaults)
2024-10-15T03:47:07.486480+00:00 DEBUG 'ansible_navigator.main' Prior to rollback: log_file = '/home/ikhwanmazlan20/ComplianceScannerSB/ansible/ansible-navigator.log' (str/Defaults)
2024-10-15T03:47:07.486501+00:00 DEBUG 'ansible_navigator.main' Prior to rollback: log_level = 'warning' (str/Defaults)
2024-10-15T03:47:07.486522+00:00 DEBUG 'ansible_navigator.main' Prior to rollback: mode = 'stdout' (str/Command line)
2024-10-15T03:47:07.486548+00:00 DEBUG 'ansible_navigator.main' Prior to rollback: osc4 = 'True' (bool/Defaults)
2024-10-15T03:47:07.486569+00:00 DEBUG 'ansible_navigator.main' Prior to rollback: pass_environment_variable = 'Not set' (Constants/Not set)
2024-10-15T03:47:07.486590+00:00 DEBUG 'ansible_navigator.main' Prior to rollback: playbook = '/home/ikhwanmazlan20/ComplianceScannerSB/ansible/playbooks/linux-report-playbook.yml' (str/Command line)
2024-10-15T03:47:07.486611+00:00 DEBUG 'ansible_navigator.main' Prior to rollback: playbook_artifact_enable = 'False' (bool/Defaults)
2024-10-15T03:47:07.486632+00:00 DEBUG 'ansible_navigator.main' Prior to rollback: playbook_artifact_replay = 'Not set' (Constants/Not set)
2024-10-15T03:47:07.486652+00:00 DEBUG 'ansible_navigator.main' Prior to rollback: playbook_artifact_save_as = '{playbook_dir}/{playbook_name}-artifact-{time_stamp}.json' (str/Defaults)
2024-10-15T03:47:07.486673+00:00 DEBUG 'ansible_navigator.main' Prior to rollback: plugin_name = 'Not set' (Constants/Not set)
2024-10-15T03:47:07.486694+00:00 DEBUG 'ansible_navigator.main' Prior to rollback: plugin_type = 'module' (str/Defaults)
2024-10-15T03:47:07.486714+00:00 DEBUG 'ansible_navigator.main' Prior to rollback: pull_arguments = 'Not set' (Constants/Not set)
2024-10-15T03:47:07.486735+00:00 DEBUG 'ansible_navigator.main' Prior to rollback: pull_policy = 'missing' (str/Command line)
2024-10-15T03:47:07.486756+00:00 DEBUG 'ansible_navigator.main' Prior to rollback: set_environment_variable = 'Not set' (Constants/Not set)
2024-10-15T03:47:07.486776+00:00 DEBUG 'ansible_navigator.main' Prior to rollback: settings_effective = 'False' (bool/Defaults)
2024-10-15T03:47:07.486797+00:00 DEBUG 'ansible_navigator.main' Prior to rollback: settings_sample = 'False' (bool/Defaults)
2024-10-15T03:47:07.486817+00:00 DEBUG 'ansible_navigator.main' Prior to rollback: settings_schema = 'json' (str/Defaults)
2024-10-15T03:47:07.486838+00:00 DEBUG 'ansible_navigator.main' Prior to rollback: settings_sources = 'False' (bool/Defaults)
2024-10-15T03:47:07.486859+00:00 DEBUG 'ansible_navigator.main' Prior to rollback: time_zone = 'UTC' (str/Defaults)
2024-10-15T03:47:07.486879+00:00 DEBUG 'ansible_navigator.main' Prior to rollback: workdir = '/home/ikhwanmazlan20/ComplianceScannerSB/ansible' (str/Defaults)
2024-10-15T03:47:07.486900+00:00 DEBUG 'ansible_navigator.main' After rollback: ansible_runner_artifact_dir = 'Not set' (Constants/Not set)
2024-10-15T03:47:07.486921+00:00 DEBUG 'ansible_navigator.main' After rollback: ansible_runner_rotate_artifacts_count = 'Not set' (Constants/Not set)
2024-10-15T03:47:07.486942+00:00 DEBUG 'ansible_navigator.main' After rollback: ansible_runner_timeout = 'Not set' (Constants/Not set)
2024-10-15T03:47:07.486964+00:00 DEBUG 'ansible_navigator.main' After rollback: ansible_runner_write_job_events = 'Not set' (Constants/Not set)
2024-10-15T03:47:07.486984+00:00 DEBUG 'ansible_navigator.main' After rollback: app = 'Not set' (Constants/Not set)
2024-10-15T03:47:07.487005+00:00 DEBUG 'ansible_navigator.main' After rollback: cmdline = 'Not set' (Constants/Not set)
2024-10-15T03:47:07.487026+00:00 DEBUG 'ansible_navigator.main' After rollback: collection_doc_cache_path = 'Not set' (Constants/Not set)
2024-10-15T03:47:07.487046+00:00 DEBUG 'ansible_navigator.main' After rollback: config = 'Not set' (Constants/Not set)
2024-10-15T03:47:07.487067+00:00 DEBUG 'ansible_navigator.main' After rollback: container_engine = 'Not set' (Constants/Not set)
2024-10-15T03:47:07.487088+00:00 DEBUG 'ansible_navigator.main' After rollback: container_options = 'Not set' (Constants/Not set)
2024-10-15T03:47:07.487109+00:00 DEBUG 'ansible_navigator.main' After rollback: display_color = 'Not set' (Constants/Not set)
2024-10-15T03:47:07.487130+00:00 DEBUG 'ansible_navigator.main' After rollback: editor_command = 'Not set' (Constants/Not set)
2024-10-15T03:47:07.487151+00:00 DEBUG 'ansible_navigator.main' After rollback: editor_console = 'Not set' (Constants/Not set)
2024-10-15T03:47:07.487176+00:00 DEBUG 'ansible_navigator.main' After rollback: enable_prompts = 'Not set' (Constants/Not set)
2024-10-15T03:47:07.487235+00:00 DEBUG 'ansible_navigator.main' After rollback: exec_command = 'Not set' (Constants/Not set)
2024-10-15T03:47:07.487257+00:00 DEBUG 'ansible_navigator.main' After rollback: exec_shell = 'Not set' (Constants/Not set)
2024-10-15T03:47:07.487280+00:00 DEBUG 'ansible_navigator.main' After rollback: execution_environment = 'Not set' (Constants/Not set)
2024-10-15T03:47:07.487302+00:00 DEBUG 'ansible_navigator.main' After rollback: execution_environment_image = 'Not set' (Constants/Not set)
2024-10-15T03:47:07.487322+00:00 DEBUG 'ansible_navigator.main' After rollback: execution_environment_volume_mounts = 'Not set' (Constants/Not set)
2024-10-15T03:47:07.487343+00:00 DEBUG 'ansible_navigator.main' After rollback: format = 'Not set' (Constants/Not set)
2024-10-15T03:47:07.487364+00:00 DEBUG 'ansible_navigator.main' After rollback: help_builder = 'Not set' (Constants/Not set)
2024-10-15T03:47:07.487390+00:00 DEBUG 'ansible_navigator.main' After rollback: help_config = 'Not set' (Constants/Not set)
2024-10-15T03:47:07.487411+00:00 DEBUG 'ansible_navigator.main' After rollback: help_doc = 'Not set' (Constants/Not set)
2024-10-15T03:47:07.487432+00:00 DEBUG 'ansible_navigator.main' After rollback: help_inventory = 'Not set' (Constants/Not set)
2024-10-15T03:47:07.487453+00:00 DEBUG 'ansible_navigator.main' After rollback: help_playbook = 'Not set' (Constants/Not set)
2024-10-15T03:47:07.487473+00:00 DEBUG 'ansible_navigator.main' After rollback: images_details = 'Not set' (Constants/Not set)
2024-10-15T03:47:07.487494+00:00 DEBUG 'ansible_navigator.main' After rollback: inventory = 'Not set' (Constants/Not set)
2024-10-15T03:47:07.487514+00:00 DEBUG 'ansible_navigator.main' After rollback: inventory_column = 'Not set' (Constants/Not set)
2024-10-15T03:47:07.487536+00:00 DEBUG 'ansible_navigator.main' After rollback: lint_config = 'Not set' (Constants/Not set)
2024-10-15T03:47:07.487556+00:00 DEBUG 'ansible_navigator.main' After rollback: lintables = 'Not set' (Constants/Not set)
2024-10-15T03:47:07.487577+00:00 DEBUG 'ansible_navigator.main' After rollback: log_append = 'Not set' (Constants/Not set)
2024-10-15T03:47:07.487597+00:00 DEBUG 'ansible_navigator.main' After rollback: log_file = 'Not set' (Constants/Not set)
2024-10-15T03:47:07.487619+00:00 DEBUG 'ansible_navigator.main' After rollback: log_level = 'Not set' (Constants/Not set)
2024-10-15T03:47:07.487640+00:00 DEBUG 'ansible_navigator.main' After rollback: mode = 'Not set' (Constants/Not set)
2024-10-15T03:47:07.487660+00:00 DEBUG 'ansible_navigator.main' After rollback: osc4 = 'Not set' (Constants/Not set)
2024-10-15T03:47:07.487680+00:00 DEBUG 'ansible_navigator.main' After rollback: pass_environment_variable = 'Not set' (Constants/Not set)
2024-10-15T03:47:07.487701+00:00 DEBUG 'ansible_navigator.main' After rollback: playbook = 'Not set' (Constants/Not set)
2024-10-15T03:47:07.487722+00:00 DEBUG 'ansible_navigator.main' After rollback: playbook_artifact_enable = 'Not set' (Constants/Not set)
2024-10-15T03:47:07.487743+00:00 DEBUG 'ansible_navigator.main' After rollback: playbook_artifact_replay = 'Not set' (Constants/Not set)
2024-10-15T03:47:07.487764+00:00 DEBUG 'ansible_navigator.main' After rollback: playbook_artifact_save_as = 'Not set' (Constants/Not set)
2024-10-15T03:47:07.487785+00:00 DEBUG 'ansible_navigator.main' After rollback: plugin_name = 'Not set' (Constants/Not set)
2024-10-15T03:47:07.487805+00:00 DEBUG 'ansible_navigator.main' After rollback: plugin_type = 'Not set' (Constants/Not set)
2024-10-15T03:47:07.487826+00:00 DEBUG 'ansible_navigator.main' After rollback: pull_arguments = 'Not set' (Constants/Not set)
2024-10-15T03:47:07.487847+00:00 DEBUG 'ansible_navigator.main' After rollback: pull_policy = 'Not set' (Constants/Not set)
2024-10-15T03:47:07.487868+00:00 DEBUG 'ansible_navigator.main' After rollback: set_environment_variable = 'Not set' (Constants/Not set)
2024-10-15T03:47:07.487888+00:00 DEBUG 'ansible_navigator.main' After rollback: settings_effective = 'Not set' (Constants/Not set)
2024-10-15T03:47:07.487914+00:00 DEBUG 'ansible_navigator.main' After rollback: settings_sample = 'Not set' (Constants/Not set)
2024-10-15T03:47:07.487936+00:00 DEBUG 'ansible_navigator.main' After rollback: settings_schema = 'Not set' (Constants/Not set)
2024-10-15T03:47:07.487956+00:00 DEBUG 'ansible_navigator.main' After rollback: settings_sources = 'Not set' (Constants/Not set)
2024-10-15T03:47:07.487977+00:00 DEBUG 'ansible_navigator.main' After rollback: time_zone = 'Not set' (Constants/Not set)
2024-10-15T03:47:07.487998+00:00 DEBUG 'ansible_navigator.main' After rollback: workdir = 'Not set' (Constants/Not set)
2024-10-15T03:47:07.488019+00:00 DEBUG 'ansible_navigator.main' Configuration rollback complete.
2024-10-15T03:47:07.488040+00:00 DEBUG 'ansible_navigator.main' Collection doc cache not mounted
2024-10-15T03:47:07.488079+00:00 WARNING 'ansible_navigator.main' Issues were found while applying the settings.
2024-10-15T03:47:07.488104+00:00 INFO 'ansible_navigator.main' Command provided: 'run playbooks/linux-report-playbook.yml -i playbooks/inventory --execution-environment ansible_ee:latest --mode stdout --pull-policy missing --enable-prompts -u ikhwanmazlan20'
2024-10-15T03:47:07.488133+00:00 ERROR 'ansible_navigator.main' 'ansible --version' reported the following errors:
2024-10-15T03:47:07.488158+00:00 ERROR 'ansible_navigator.main' /bin/sh: 1: ansible: not found

2024-10-15T03:47:07.488194+00:00 ERROR 'ansible_navigator.main' The 'ansible-playbook' command could not be found or was not executable,
ansible is required when running without an Ansible Execution Environment.
Try one of
     'pip install ansible-base'
     'pip install ansible-core'
     'pip install ansible'
or simply
     '-ee' or '--execution-environment'
to use an Ansible Execution Environment
2024-10-15T03:47:07.488258+00:00 ERROR 'ansible_navigator.main' The setting 'execution-environment' must be one of 'true' or 'false', but set as 'ansible_ee:latest'. (Command line)
2024-10-15T03:47:07.488305+00:00 INFO 'ansible_navigator.main' Try again with '--ee true' or '--ee false'
2024-10-15T03:47:07.488333+00:00 INFO 'ansible_navigator.main' Configuration failed, using default log file location. (/home/ikhwanmazlan20/ComplianceScannerSB/ansible/ansible-navigator.log) Log level set to debug
2024-10-15T03:47:07.488357+00:00 INFO 'ansible_navigator.main' Review the hints and log file to see what went wrong.
